#
# There is insufficient memory for the Java Runtime Environment to continue.
# Native memory allocation (mmap) failed to map 266338304 bytes for G1 virtual space
# Possible reasons:
#   The system is out of physical RAM or swap space
#   The process is running with CompressedOops enabled, and the Java Heap may be blocking the growth of the native heap
# Possible solutions:
#   Reduce memory load on the system
#   Increase physical memory or swap space
#   Check if swap backing store is full
#   Decrease Java heap size (-Xmx/-Xms)
#   Decrease number of Java threads
#   Decrease Java thread stack sizes (-Xss)
#   Set larger code cache with -XX:ReservedCodeCacheSize=
#   JVM is running with Zero Based Compressed Oops mode in which the Java heap is
#     placed in the first 32GB address space. The Java Heap base address is the
#     maximum limit for the native heap growth. Please use -XX:HeapBaseMinAddress
#     to set the Java Heap base and to place the Java Heap above 32GB virtual address.
# This output file may be truncated or incomplete.
#
#  Out of Memory Error (os_windows.cpp:3548), pid=20824, tid=15020
#
# JRE version:  (17.0.5+8) (build )
# Java VM: OpenJDK 64-Bit Server VM (17.0.5+8-LTS, mixed mode, sharing, tiered, compressed oops, compressed class ptrs, g1 gc, windows-amd64)
# No core dump will be written. Minidumps are not enabled by default on client versions of Windows
#

---------------  S U M M A R Y ------------

Command Line: -javaagent:E:\IntelliJ IDEA 2022.2.3\lib\idea_rt.jar=58108:E:\IntelliJ IDEA 2022.2.3\bin -Dfile.encoding=UTF-8 login_register.Login_Register

Host: Intel(R) Core(TM) i7-10750H CPU @ 2.60GHz, 12 cores, 15G,  Windows 11 , 64 bit Build 22000 (10.0.22000.1516)
Time: Sun Mar 12 00:22:14 2023 GMT dows 11 , 64 bit Build 22000 (10.0.22000.1516) elapsed time: 0.011457 seconds (0d 0h 0m 0s)

---------------  T H R E A D  ---------------

Current thread (0x000002a8c164a730):  JavaThread "Unknown thread" [_thread_in_vm, id=15020, stack(0x000000caad900000,0x000000caada00000)]

Stack: [0x000000caad900000,0x000000caada00000]
Native frames: (J=compiled Java code, j=interpreted, Vv=VM code, C=native code)
V  [jvm.dll+0x646e0a]
V  [jvm.dll+0x7f7f14]
V  [jvm.dll+0x7f96ce]
V  [jvm.dll+0x7f9d23]
V  [jvm.dll+0x234c98]
V  [jvm.dll+0x643d6a]
V  [jvm.dll+0x63849a]
V  [jvm.dll+0x2f2ed9]
V  [jvm.dll+0x2fa066]
V  [jvm.dll+0x345a2a]
V  [jvm.dll+0x345c6f]
V  [jvm.dll+0x2c9378]
V  [jvm.dll+0x2ca309]
V  [jvm.dll+0x7cb681]
V  [jvm.dll+0x352eb1]
V  [jvm.dll+0x7abb8e]
V  [jvm.dll+0x3ce293]
V  [jvm.dll+0x3cfc91]
C  [jli.dll+0x519f]
C  [ucrtbase.dll+0x26c0c]
C  [KERNEL32.DLL+0x155a0]
C  [ntdll.dll+0x485b]


---------------  P R O C E S S  ---------------

Threads class SMR info:
_java_thread_list=0x00007ff90eb56758, length=0, elements={
}

Java Threads: ( => current thread )

Other Threads:
  0x000002a8c16b8260 GCTaskThread "GC Thread#0" [stack: 0x000000caada00000,0x000000caadb00000] [id=21956]
  0x000002a8c16c8ee0 ConcurrentGCThread "G1 Main Marker" [stack: 0x000000caadb00000,0x000000caadc00000] [id=26852]
  0x000002a8c16ca040 ConcurrentGCThread "G1 Conc#0" [stack: 0x000000caadc00000,0x000000caadd00000] [id=2640]

[error occurred during error reporting (printing all threads), id 0xc0000005, EXCEPTION_ACCESS_VIOLATION (0xc0000005) at pc=0x00007ff90e34a567]

VM state: not at safepoint (not fully initialized)

VM Mutex/Monitor currently owned by a thread:  ([mutex/lock_event])
[0x000002a8c1647660] Heap_lock - owner thread: 0x000002a8c164a730

Heap address: 0x0000000703200000, size: 4046 MB, Compressed Oops mode: Zero based, Oop shift amount: 3

CDS archive(s) mapped at: [0x0000000000000000-0x0000000000000000-0x0000000000000000), size 0, SharedBaseAddress: 0x0000000800000000, ArchiveRelocationMode: 0.
Narrow klass base: 0x0000000000000000, Narrow klass shift: 0, Narrow klass range: 0x0

GC Precious Log:
<Empty>

Heap:
 garbage-first heap   total 0K, used 0K [0x0000000703200000, 0x0000000800000000)
  region size 2048K, 0 young (0K), 0 survivors (0K)

[error occurred during error reporting (printing heap information), id 0xc0000005, EXCEPTION_ACCESS_VIOLATION (0xc0000005) at pc=0x00007ff90e70e739]

GC Heap History (0 events):
No events

Dll operation events (1 events):
Event: 0.007 Loaded shared library C:\Users\Violetta\.jdks\corretto-17.0.5\bin\java.dll

Deoptimization events (0 events):
No events

Classes unloaded (0 events):
No events

Classes redefined (0 events):
No events

Internal exceptions (0 events):
No events

VM Operations (0 events):
No events

Events (0 events):
No events


Dynamic libraries:
0x00007ff766900000 - 0x00007ff76690d000 	C:\Users\Violetta\.jdks\corretto-17.0.5\bin\java.exe
0x00007ff968c00000 - 0x00007ff968e09000 	C:\WINDOWS\SYSTEM32\ntdll.dll
0x00007ff967c70000 - 0x00007ff967d2e000 	C:\WINDOWS\System32\KERNEL32.DLL
0x00007ff9662b0000 - 0x00007ff96662c000 	C:\WINDOWS\System32\KERNELBASE.dll
0x00007ff966630000 - 0x00007ff966741000 	C:\WINDOWS\System32\ucrtbase.dll
0x00007ff9373e0000 - 0x00007ff9373f5000 	C:\Users\Violetta\.jdks\corretto-17.0.5\bin\VCRUNTIME140.dll
0x00007ff939150000 - 0x00007ff939167000 	C:\Users\Violetta\.jdks\corretto-17.0.5\bin\jli.dll
0x00007ff968200000 - 0x00007ff9683ad000 	C:\WINDOWS\System32\USER32.dll
0x00007ff966810000 - 0x00007ff966836000 	C:\WINDOWS\System32\win32u.dll
0x00007ff940ee0000 - 0x00007ff941185000 	C:\WINDOWS\WinSxS\amd64_microsoft.windows.common-controls_6595b64144ccf1df_6.0.22000.120_none_9d947278b86cc467\COMCTL32.dll
0x00007ff968610000 - 0x00007ff968639000 	C:\WINDOWS\System32\GDI32.dll
0x00007ff968480000 - 0x00007ff968523000 	C:\WINDOWS\System32\msvcrt.dll
0x00007ff966960000 - 0x00007ff966a78000 	C:\WINDOWS\System32\gdi32full.dll
0x00007ff9668c0000 - 0x00007ff96695d000 	C:\WINDOWS\System32\msvcp_win.dll
0x00007ff968440000 - 0x00007ff968472000 	C:\WINDOWS\System32\IMM32.DLL
0x00007ff926930000 - 0x00007ff9269cb000 	C:\Users\Violetta\.jdks\corretto-17.0.5\bin\msvcp140.dll
0x00007ff90e070000 - 0x00007ff90ec84000 	C:\Users\Violetta\.jdks\corretto-17.0.5\bin\server\jvm.dll
0x00007ff968b10000 - 0x00007ff968bbe000 	C:\WINDOWS\System32\ADVAPI32.dll
0x00007ff967d30000 - 0x00007ff967dce000 	C:\WINDOWS\System32\sechost.dll
0x00007ff9689f0000 - 0x00007ff968b10000 	C:\WINDOWS\System32\RPCRT4.dll
0x00007ff95aa00000 - 0x00007ff95aa33000 	C:\WINDOWS\SYSTEM32\WINMM.dll
0x00007ff957ed0000 - 0x00007ff957eda000 	C:\WINDOWS\SYSTEM32\VERSION.dll
0x00007ff94c530000 - 0x00007ff94c539000 	C:\WINDOWS\SYSTEM32\WSOCK32.dll
0x00007ff9683d0000 - 0x00007ff96843f000 	C:\WINDOWS\System32\WS2_32.dll
0x00007ff965240000 - 0x00007ff965258000 	C:\WINDOWS\SYSTEM32\kernel.appcore.dll
0x00007ff953ff0000 - 0x00007ff953ffa000 	C:\Users\Violetta\.jdks\corretto-17.0.5\bin\jimage.dll
0x00007ff963b20000 - 0x00007ff963d41000 	C:\WINDOWS\SYSTEM32\DBGHELP.DLL
0x00007ff9544f0000 - 0x00007ff954521000 	C:\WINDOWS\SYSTEM32\dbgcore.DLL
0x00007ff966840000 - 0x00007ff9668bf000 	C:\WINDOWS\System32\bcryptPrimitives.dll
0x00007ff962630000 - 0x00007ff96263e000 	C:\Users\Violetta\.jdks\corretto-17.0.5\bin\instrument.dll
0x00007ff92b270000 - 0x00007ff92b295000 	C:\Users\Violetta\.jdks\corretto-17.0.5\bin\java.dll

dbghelp: loaded successfully - version: 4.0.5 - missing functions: none
symbol engine: initialized successfully - sym options: 0x614 - pdb path: .;C:\Users\Violetta\.jdks\corretto-17.0.5\bin;C:\WINDOWS\SYSTEM32;C:\WINDOWS\WinSxS\amd64_microsoft.windows.common-controls_6595b64144ccf1df_6.0.22000.120_none_9d947278b86cc467;C:\Users\Violetta\.jdks\corretto-17.0.5\bin\server

VM Arguments:
jvm_args: -javaagent:E:\IntelliJ IDEA 2022.2.3\lib\idea_rt.jar=58108:E:\IntelliJ IDEA 2022.2.3\bin -Dfile.encoding=UTF-8 
java_command: login_register.Login_Register
java_class_path (initial): E:\Java\Sustainopoly\target\classes;E:\Java\Sustainopoly\src\main\java\login_register\libs\mysql-connector-j-8.0.32.jar;E:\Java\Sustainopoly\src\main\java\login_register\libs\mchange-commons-java-0.2.19.jar;D:\java\jl1.0.jar;C:\Users\Violetta\.m2\repository\com\hynnet\jacob\1.18\jacob-1.18.jar;C:\Users\Violetta\.m2\repository\com\googlecode\soundlibs\mp3spi\1.9.5.4\mp3spi-1.9.5.4.jar;C:\Users\Violetta\.m2\repository\com\googlecode\soundlibs\jlayer\1.0.1.4\jlayer-1.0.1.4.jar;C:\Users\Violetta\.m2\repository\com\googlecode\soundlibs\tritonus-share\0.3.7.4\tritonus-share-0.3.7.4.jar;C:\Users\Violetta\.m2\repository\com\formdev\flatlaf\0.26\flatlaf-0.26.jar;C:\Users\Violetta\.m2\repository\org\apache\commons\commons-lang3\3.10\commons-lang3-3.10.jar;C:\Users\Violetta\.m2\repository\uk\co\caprica\vlcj\3.8.0\vlcj-3.8.0.jar;C:\Users\Violetta\.m2\repository\net\java\dev\jna\platform\3.5.2\platform-3.5.2.jar;C:\Users\Violetta\.m2\repository\org\slf4j\slf4j-api\1.8.0-beta0\slf4j-api-1.8.0-beta0.jar;C:\Users\Violetta\.m2\repository\org\slf4j\slf4j-log4j12\1.8.0-beta0\slf4j-log4j12-1.8.0-beta0.jar;C:\Users\Violetta\.m2\repository\log4j\log4j\1.2.17\log4j-1.2.17.jar;C:\Users\Violetta\.m2\repository\org\apache\logging\log4j\log4j-core\2.17.1\log4j-core-2.17.1.jar;C:\Users\Violetta\.m2\repository\org\apache\logging\log4j\log4j-api\2.17.1\log4j-api-2.17.1.jar;C:\Users\Violetta\.m2\repository\net\java\dev\jna\jna\5.5.0\jna-5.5.0.jar;C:\Users\Violetta\.m2\repository\org\junit\jupiter\junit-jupiter\5.9.2\junit-jupiter-5.9.2.jar;C:\Users\Violetta\.m2\repository\org\junit\jupiter\junit-jupiter-api\5.9.2\junit-jupiter-api-5.9.2.jar;C:\Users\Violetta\.m2\repository\org\opentest4j\opentest4j\1.2.0\opentest4j-1.2.0.jar;C:\Users\Violetta\.m2\repository\org\junit\platform\junit-platform-commons\1.9.2\junit-platform-commons-1.9.2.jar;C:\Users\Violetta\.m2\repository\org\apiguardian\apiguardian-api\1.1.2\apiguardian-api-1.1.2.jar;C:\Users\Violetta\.m2\repository\org
Launcher Type: SUN_STANDARD

[Global flags]
     intx CICompilerCount                          = 4                                         {product} {ergonomic}
     uint ConcGCThreads                            = 3                                         {product} {ergonomic}
     uint G1ConcRefinementThreads                  = 10                                        {product} {ergonomic}
   size_t G1HeapRegionSize                         = 2097152                                   {product} {ergonomic}
    uintx GCDrainStackTargetSize                   = 64                                        {product} {ergonomic}
   size_t InitialHeapSize                          = 266338304                                 {product} {ergonomic}
   size_t MarkStackSize                            = 4194304                                   {product} {ergonomic}
   size_t MaxHeapSize                              = 4242538496                                {product} {ergonomic}
   size_t MinHeapDeltaBytes                        = 2097152                                   {product} {ergonomic}
   size_t MinHeapSize                              = 8388608                                   {product} {ergonomic}
    uintx NonNMethodCodeHeapSize                   = 5839372                                {pd product} {ergonomic}
    uintx NonProfiledCodeHeapSize                  = 122909434                              {pd product} {ergonomic}
    uintx ProfiledCodeHeapSize                     = 122909434                              {pd product} {ergonomic}
    uintx ReservedCodeCacheSize                    = 251658240                              {pd product} {ergonomic}
     bool SegmentedCodeCache                       = true                                      {product} {ergonomic}
   size_t SoftMaxHeapSize                          = 4242538496                             {manageable} {ergonomic}
     bool UseCompressedClassPointers               = true                           {product lp64_product} {ergonomic}
     bool UseCompressedOops                        = true                           {product lp64_product} {ergonomic}
     bool UseG1GC                                  = true                                      {product} {ergonomic}
     bool UseLargePagesIndividualAllocation        = false                                  {pd product} {ergonomic}

Logging:
Log output configuration:
 #0: stdout all=warning uptime,level,tags
 #1: stderr all=off uptime,level,tags

Environment Variables:
JAVA_HOME=D:\java\JDK8
CLASSPATH=.;D:\java\JDK8\lib\dt.jar;%_JAVA_HOME%\lib\tools.jar
PATH=C:\Windows\system32;C:\Windows;C:\Windows\System32\Wbem;C:\Windows\System32\WindowsPowerShell\v1.0\;C:\Windows\System32\OpenSSH\;C:\Program Files (x86)\NVIDIA Corporation\PhysX\Common;C:\Program Files\NVIDIA Corporation\NVIDIA NvDLISR;C:\WINDOWS\system32;C:\WINDOWS;C:\WINDOWS\System32\Wbem;C:\WINDOWS\System32\WindowsPowerShell\v1.0\;C:\WINDOWS\System32\OpenSSH\;D:\java\JDK8\bin;D:\java\JDK8\jre\bin;D:\Git\cmd;C:\ProgramData\Microsoft\Windows\Start Menu\Programs\MySQL\MySQL Server 8.0;E:\Rational Rose\common;E:\;C:\Program Files\MySQL\MySQL Shell 8.0\bin\;C:\Users\Violetta\AppData\Local\Microsoft\WindowsApps;C:\Program Files\Bandizip\;E:\Microsoft VS Code\bin;E:\IntelliJ IDEA 2022.2.3\bin;;C:\Users\Violetta\AppData\Roaming\npm;C:\Program Files\MySQL\MySQL Server 8.0\bin;
USERNAME=Violetta
OS=Windows_NT
PROCESSOR_IDENTIFIER=Intel64 Family 6 Model 165 Stepping 2, GenuineIntel
TMP=C:\Users\Violetta\AppData\Local\Temp
TEMP=C:\Users\Violetta\AppData\Local\Temp



---------------  S Y S T E M  ---------------

OS:
 Windows 11 , 64 bit Build 22000 (10.0.22000.1516)
OS uptime: 4 days 7:27 hours

CPU: total 12 (initial active 12) (6 cores per cpu, 2 threads per core) family 6 model 165 stepping 2 microcode 0xf4, cx8, cmov, fxsr, ht, mmx, 3dnowpref, sse, sse2, sse3, ssse3, sse4.1, sse4.2, popcnt, lzcnt, tsc, tscinvbit, avx, avx2, aes, erms, clmul, bmi1, bmi2, adx, fma, vzeroupper, clflush, clflushopt

Memory: 4k page, system-wide physical 16177M (1031M free)
TotalPageFile size 34860M (AvailPageFile size 126M)
current process WorkingSet (physical memory assigned to process): 11M, peak: 11M
current process commit charge ("private bytes"): 64M, peak: 318M

vm_info: OpenJDK 64-Bit Server VM (17.0.5+8-LTS) for windows-amd64 JRE (17.0.5+8-LTS), built on Oct 13 2022 05:18:14 by "Administrator" with MS VC++ 15.9 (VS2017)

END.
